2021-12-17 21:17:38 [INFO] - Starting ShopApplication using Java 1.8.0_181 on 6666deMacBook-Pro.local with PID 27194 (/Users/shiyonggang/code/private/shop/target/classes started by shiyonggang in /Users/shiyonggang/code/private/shop)
2021-12-17 21:17:38 [INFO] - No active profile set, falling back to default profiles: default
2021-12-17 21:17:38 [INFO] - Devtools property defaults active! Set 'spring.devtools.add-properties' to 'false' to disable
2021-12-17 21:17:38 [INFO] - For additional web related logging consider setting the 'logging.level.web' property to 'DEBUG'
2021-12-17 21:17:39 [WARN] - No MyBatis mapper was found in '[cn.loveyx815.shop]' package. Please check your configuration.
2021-12-17 21:17:40 [INFO] - Tomcat initialized with port(s): 8020 (http)
2021-12-17 21:17:40 [INFO] - Initializing ProtocolHandler ["http-nio-8020"]
2021-12-17 21:17:40 [INFO] - Starting service [Tomcat]
2021-12-17 21:17:40 [INFO] - Starting Servlet engine: [Apache Tomcat/9.0.55]
2021-12-17 21:17:40 [INFO] - Initializing Spring embedded WebApplicationContext
2021-12-17 21:17:40 [INFO] - Root WebApplicationContext: initialization completed in 1844 ms
2021-12-17 21:17:40 [WARN] - Exception encountered during context initialization - cancelling refresh attempt: org.springframework.beans.factory.UnsatisfiedDependencyException: Error creating bean with name '/api/goods': Unsatisfied dependency expressed through field 'goodsService'; nested exception is org.springframework.beans.factory.UnsatisfiedDependencyException: Error creating bean with name 'goodsServiceImpl': Unsatisfied dependency expressed through field 'dao'; nested exception is org.springframework.beans.factory.NoSuchBeanDefinitionException: No qualifying bean of type 'cn.loveyx815.shop.dao.GoodsDao' available: expected at least 1 bean which qualifies as autowire candidate. Dependency annotations: {@org.springframework.beans.factory.annotation.Autowired(required=true)}
2021-12-17 21:17:40 [INFO] - Stopping service [Tomcat]
2021-12-17 21:17:40 [INFO] - 

Error starting ApplicationContext. To display the conditions report re-run your application with 'debug' enabled.
2021-12-17 21:17:40 [ERROR] - 

***************************
APPLICATION FAILED TO START
***************************

Description:

Field dao in cn.loveyx815.shop.service.impl.GoodsServiceImpl required a bean of type 'cn.loveyx815.shop.dao.GoodsDao' that could not be found.

The injection point has the following annotations:
	- @org.springframework.beans.factory.annotation.Autowired(required=true)


Action:

Consider defining a bean of type 'cn.loveyx815.shop.dao.GoodsDao' in your configuration.

2021-12-17 21:18:52 [INFO] - Starting ShopApplication using Java 1.8.0_181 on 6666deMacBook-Pro.local with PID 27214 (/Users/shiyonggang/code/private/shop/target/classes started by shiyonggang in /Users/shiyonggang/code/private/shop)
2021-12-17 21:18:52 [INFO] - No active profile set, falling back to default profiles: default
2021-12-17 21:18:52 [INFO] - Devtools property defaults active! Set 'spring.devtools.add-properties' to 'false' to disable
2021-12-17 21:18:52 [INFO] - For additional web related logging consider setting the 'logging.level.web' property to 'DEBUG'
2021-12-17 21:18:53 [WARN] - No MyBatis mapper was found in '[cn.loveyx815.shop]' package. Please check your configuration.
2021-12-17 21:18:54 [INFO] - Tomcat initialized with port(s): 8020 (http)
2021-12-17 21:18:54 [INFO] - Initializing ProtocolHandler ["http-nio-8020"]
2021-12-17 21:18:54 [INFO] - Starting service [Tomcat]
2021-12-17 21:18:54 [INFO] - Starting Servlet engine: [Apache Tomcat/9.0.55]
2021-12-17 21:18:54 [INFO] - Initializing Spring embedded WebApplicationContext
2021-12-17 21:18:54 [INFO] - Root WebApplicationContext: initialization completed in 2181 ms
2021-12-17 21:18:54 [WARN] - Exception encountered during context initialization - cancelling refresh attempt: org.springframework.beans.factory.UnsatisfiedDependencyException: Error creating bean with name '/api/goods': Unsatisfied dependency expressed through field 'goodsService'; nested exception is org.springframework.beans.factory.UnsatisfiedDependencyException: Error creating bean with name 'goodsServiceImpl': Unsatisfied dependency expressed through field 'dao'; nested exception is org.springframework.beans.factory.NoSuchBeanDefinitionException: No qualifying bean of type 'cn.loveyx815.shop.dao.GoodsDao' available: expected at least 1 bean which qualifies as autowire candidate. Dependency annotations: {@org.springframework.beans.factory.annotation.Autowired(required=true)}
2021-12-17 21:18:54 [INFO] - Stopping service [Tomcat]
2021-12-17 21:18:54 [INFO] - 

Error starting ApplicationContext. To display the conditions report re-run your application with 'debug' enabled.
2021-12-17 21:18:54 [ERROR] - 

***************************
APPLICATION FAILED TO START
***************************

Description:

Field dao in cn.loveyx815.shop.service.impl.GoodsServiceImpl required a bean of type 'cn.loveyx815.shop.dao.GoodsDao' that could not be found.

The injection point has the following annotations:
	- @org.springframework.beans.factory.annotation.Autowired(required=true)


Action:

Consider defining a bean of type 'cn.loveyx815.shop.dao.GoodsDao' in your configuration.

2021-12-17 21:19:09 [INFO] - Starting ShopApplication using Java 1.8.0_181 on 6666deMacBook-Pro.local with PID 27222 (/Users/shiyonggang/code/private/shop/target/classes started by shiyonggang in /Users/shiyonggang/code/private/shop)
2021-12-17 21:19:09 [INFO] - No active profile set, falling back to default profiles: default
2021-12-17 21:19:10 [INFO] - Devtools property defaults active! Set 'spring.devtools.add-properties' to 'false' to disable
2021-12-17 21:19:10 [INFO] - For additional web related logging consider setting the 'logging.level.web' property to 'DEBUG'
2021-12-17 21:19:11 [WARN] - No MyBatis mapper was found in '[cn.loveyx815.shop]' package. Please check your configuration.
2021-12-17 21:19:11 [INFO] - Tomcat initialized with port(s): 8020 (http)
2021-12-17 21:19:11 [INFO] - Initializing ProtocolHandler ["http-nio-8020"]
2021-12-17 21:19:11 [INFO] - Starting service [Tomcat]
2021-12-17 21:19:11 [INFO] - Starting Servlet engine: [Apache Tomcat/9.0.55]
2021-12-17 21:19:11 [INFO] - Initializing Spring embedded WebApplicationContext
2021-12-17 21:19:11 [INFO] - Root WebApplicationContext: initialization completed in 1834 ms
2021-12-17 21:19:11 [WARN] - Exception encountered during context initialization - cancelling refresh attempt: org.springframework.beans.factory.UnsatisfiedDependencyException: Error creating bean with name 'goodsServiceImpl': Unsatisfied dependency expressed through field 'dao'; nested exception is org.springframework.beans.factory.NoSuchBeanDefinitionException: No qualifying bean of type 'cn.loveyx815.shop.dao.GoodsDao' available: expected at least 1 bean which qualifies as autowire candidate. Dependency annotations: {@org.springframework.beans.factory.annotation.Autowired(required=true)}
2021-12-17 21:19:11 [INFO] - Stopping service [Tomcat]
2021-12-17 21:19:12 [INFO] - 

Error starting ApplicationContext. To display the conditions report re-run your application with 'debug' enabled.
2021-12-17 21:19:12 [ERROR] - 

***************************
APPLICATION FAILED TO START
***************************

Description:

Field dao in cn.loveyx815.shop.service.impl.GoodsServiceImpl required a bean of type 'cn.loveyx815.shop.dao.GoodsDao' that could not be found.

The injection point has the following annotations:
	- @org.springframework.beans.factory.annotation.Autowired(required=true)


Action:

Consider defining a bean of type 'cn.loveyx815.shop.dao.GoodsDao' in your configuration.

2021-12-17 21:21:24 [INFO] - Starting ShopApplication using Java 1.8.0_181 on 6666deMacBook-Pro.local with PID 27261 (/Users/shiyonggang/code/private/shop/target/classes started by shiyonggang in /Users/shiyonggang/code/private/shop)
2021-12-17 21:21:24 [INFO] - No active profile set, falling back to default profiles: default
2021-12-17 21:21:24 [INFO] - Devtools property defaults active! Set 'spring.devtools.add-properties' to 'false' to disable
2021-12-17 21:21:24 [INFO] - For additional web related logging consider setting the 'logging.level.web' property to 'DEBUG'
2021-12-17 21:21:26 [INFO] - Tomcat initialized with port(s): 8020 (http)
2021-12-17 21:21:26 [INFO] - Initializing ProtocolHandler ["http-nio-8020"]
2021-12-17 21:21:26 [INFO] - Starting service [Tomcat]
2021-12-17 21:21:26 [INFO] - Starting Servlet engine: [Apache Tomcat/9.0.55]
2021-12-17 21:21:26 [INFO] - Initializing Spring embedded WebApplicationContext
2021-12-17 21:21:26 [INFO] - Root WebApplicationContext: initialization completed in 1661 ms
2021-12-17 21:21:27 [INFO] - LiveReload server is running on port 35729
2021-12-17 21:21:27 [INFO] - Starting ProtocolHandler ["http-nio-8020"]
2021-12-17 21:21:27 [INFO] - Tomcat started on port(s): 8020 (http) with context path ''
2021-12-17 21:21:27 [INFO] - Started ShopApplication in 3.353 seconds (JVM running for 4.945)
2021-12-17 21:28:01 [INFO] - Initializing Spring DispatcherServlet 'dispatcherServlet'
2021-12-17 21:28:01 [INFO] - Initializing Servlet 'dispatcherServlet'
2021-12-17 21:28:01 [INFO] - Completed initialization in 6 ms
2021-12-17 21:30:25 [INFO] - Starting ShopApplication using Java 1.8.0_181 on 6666deMacBook-Pro.local with PID 27380 (/Users/shiyonggang/code/private/shop/target/classes started by shiyonggang in /Users/shiyonggang/code/private/shop)
2021-12-17 21:30:25 [INFO] - No active profile set, falling back to default profiles: default
2021-12-17 21:30:25 [INFO] - Devtools property defaults active! Set 'spring.devtools.add-properties' to 'false' to disable
2021-12-17 21:30:25 [INFO] - For additional web related logging consider setting the 'logging.level.web' property to 'DEBUG'
2021-12-17 21:30:27 [INFO] - Tomcat initialized with port(s): 8020 (http)
2021-12-17 21:30:27 [INFO] - Initializing ProtocolHandler ["http-nio-8020"]
2021-12-17 21:30:27 [INFO] - Starting service [Tomcat]
2021-12-17 21:30:27 [INFO] - Starting Servlet engine: [Apache Tomcat/9.0.55]
2021-12-17 21:30:27 [INFO] - Initializing Spring embedded WebApplicationContext
2021-12-17 21:30:27 [INFO] - Root WebApplicationContext: initialization completed in 2107 ms
2021-12-17 21:30:28 [INFO] - LiveReload server is running on port 35729
2021-12-17 21:30:28 [INFO] - Starting ProtocolHandler ["http-nio-8020"]
2021-12-17 21:30:28 [INFO] - Tomcat started on port(s): 8020 (http) with context path ''
2021-12-17 21:30:28 [INFO] - Started ShopApplication in 3.78 seconds (JVM running for 4.999)
2021-12-17 21:31:01 [INFO] - Initializing Spring DispatcherServlet 'dispatcherServlet'
2021-12-17 21:31:01 [INFO] - Initializing Servlet 'dispatcherServlet'
2021-12-17 21:31:01 [INFO] - Completed initialization in 5 ms
2021-12-17 21:31:44 [INFO] - Starting ShopApplication using Java 1.8.0_181 on 6666deMacBook-Pro.local with PID 27407 (/Users/shiyonggang/code/private/shop/target/classes started by shiyonggang in /Users/shiyonggang/code/private/shop)
2021-12-17 21:31:44 [INFO] - No active profile set, falling back to default profiles: default
2021-12-17 21:31:45 [INFO] - Devtools property defaults active! Set 'spring.devtools.add-properties' to 'false' to disable
2021-12-17 21:31:45 [INFO] - For additional web related logging consider setting the 'logging.level.web' property to 'DEBUG'
2021-12-17 21:31:46 [INFO] - Tomcat initialized with port(s): 8020 (http)
2021-12-17 21:31:46 [INFO] - Initializing ProtocolHandler ["http-nio-8020"]
2021-12-17 21:31:46 [INFO] - Starting service [Tomcat]
2021-12-17 21:31:46 [INFO] - Starting Servlet engine: [Apache Tomcat/9.0.55]
2021-12-17 21:31:46 [INFO] - Initializing Spring embedded WebApplicationContext
2021-12-17 21:31:46 [INFO] - Root WebApplicationContext: initialization completed in 1846 ms
2021-12-17 21:31:47 [INFO] - LiveReload server is running on port 35729
2021-12-17 21:31:47 [INFO] - Starting ProtocolHandler ["http-nio-8020"]
2021-12-17 21:31:47 [INFO] - Tomcat started on port(s): 8020 (http) with context path ''
2021-12-17 21:31:47 [INFO] - Started ShopApplication in 3.417 seconds (JVM running for 4.768)
2021-12-17 21:35:58 [INFO] - Starting ShopApplication using Java 1.8.0_181 on 6666deMacBook-Pro.local with PID 27471 (/Users/shiyonggang/code/private/shop/target/classes started by shiyonggang in /Users/shiyonggang/code/private/shop)
2021-12-17 21:35:58 [INFO] - No active profile set, falling back to default profiles: default
2021-12-17 21:35:58 [INFO] - Devtools property defaults active! Set 'spring.devtools.add-properties' to 'false' to disable
2021-12-17 21:35:58 [INFO] - For additional web related logging consider setting the 'logging.level.web' property to 'DEBUG'
2021-12-17 21:35:59 [INFO] - Tomcat initialized with port(s): 8020 (http)
2021-12-17 21:35:59 [INFO] - Initializing ProtocolHandler ["http-nio-8020"]
2021-12-17 21:35:59 [INFO] - Starting service [Tomcat]
2021-12-17 21:35:59 [INFO] - Starting Servlet engine: [Apache Tomcat/9.0.55]
2021-12-17 21:35:59 [INFO] - Initializing Spring embedded WebApplicationContext
2021-12-17 21:35:59 [INFO] - Root WebApplicationContext: initialization completed in 1551 ms
2021-12-17 21:36:00 [INFO] - LiveReload server is running on port 35729
2021-12-17 21:36:00 [INFO] - Starting ProtocolHandler ["http-nio-8020"]
2021-12-17 21:36:00 [INFO] - Tomcat started on port(s): 8020 (http) with context path ''
2021-12-17 21:36:00 [INFO] - Started ShopApplication in 2.976 seconds (JVM running for 4.616)
2021-12-17 21:36:22 [INFO] - Initializing Spring DispatcherServlet 'dispatcherServlet'
2021-12-17 21:36:22 [INFO] - Initializing Servlet 'dispatcherServlet'
2021-12-17 21:36:22 [INFO] - Completed initialization in 6 ms
2021-12-17 21:36:46 [INFO] - Starting ShopApplication using Java 1.8.0_181 on 6666deMacBook-Pro.local with PID 27492 (/Users/shiyonggang/code/private/shop/target/classes started by shiyonggang in /Users/shiyonggang/code/private/shop)
2021-12-17 21:36:46 [INFO] - No active profile set, falling back to default profiles: default
2021-12-17 21:36:47 [INFO] - Devtools property defaults active! Set 'spring.devtools.add-properties' to 'false' to disable
2021-12-17 21:36:47 [INFO] - For additional web related logging consider setting the 'logging.level.web' property to 'DEBUG'
2021-12-17 21:36:48 [INFO] - Tomcat initialized with port(s): 8020 (http)
2021-12-17 21:36:48 [INFO] - Initializing ProtocolHandler ["http-nio-8020"]
2021-12-17 21:36:48 [INFO] - Starting service [Tomcat]
2021-12-17 21:36:48 [INFO] - Starting Servlet engine: [Apache Tomcat/9.0.55]
2021-12-17 21:36:48 [INFO] - Initializing Spring embedded WebApplicationContext
2021-12-17 21:36:48 [INFO] - Root WebApplicationContext: initialization completed in 1631 ms
2021-12-17 21:36:48 [WARN] - Exception encountered during context initialization - cancelling refresh attempt: org.springframework.beans.factory.UnsatisfiedDependencyException: Error creating bean with name '/api/goods': Unsatisfied dependency expressed through field 'goodsService'; nested exception is org.springframework.beans.factory.NoSuchBeanDefinitionException: No qualifying bean of type 'cn.loveyx815.shop.service.GoodsService' available: expected at least 1 bean which qualifies as autowire candidate. Dependency annotations: {@org.springframework.beans.factory.annotation.Autowired(required=true)}
2021-12-17 21:36:48 [INFO] - Stopping service [Tomcat]
2021-12-17 21:36:48 [INFO] - 

Error starting ApplicationContext. To display the conditions report re-run your application with 'debug' enabled.
2021-12-17 21:36:48 [ERROR] - 

***************************
APPLICATION FAILED TO START
***************************

Description:

Field goodsService in cn.loveyx815.shop.controller.GoodsController required a bean of type 'cn.loveyx815.shop.service.GoodsService' that could not be found.

The injection point has the following annotations:
	- @org.springframework.beans.factory.annotation.Autowired(required=true)


Action:

Consider defining a bean of type 'cn.loveyx815.shop.service.GoodsService' in your configuration.

2021-12-17 21:39:27 [INFO] - Starting ShopApplication using Java 1.8.0_181 on 6666deMacBook-Pro.local with PID 27596 (/Users/shiyonggang/code/private/shop/target/classes started by shiyonggang in /Users/shiyonggang/code/private/shop)
2021-12-17 21:39:27 [INFO] - No active profile set, falling back to default profiles: default
2021-12-17 21:39:27 [INFO] - Devtools property defaults active! Set 'spring.devtools.add-properties' to 'false' to disable
2021-12-17 21:39:27 [INFO] - For additional web related logging consider setting the 'logging.level.web' property to 'DEBUG'
2021-12-17 21:39:28 [INFO] - Tomcat initialized with port(s): 8020 (http)
2021-12-17 21:39:28 [INFO] - Initializing ProtocolHandler ["http-nio-8020"]
2021-12-17 21:39:28 [INFO] - Starting service [Tomcat]
2021-12-17 21:39:28 [INFO] - Starting Servlet engine: [Apache Tomcat/9.0.55]
2021-12-17 21:39:28 [INFO] - Initializing Spring embedded WebApplicationContext
2021-12-17 21:39:28 [INFO] - Root WebApplicationContext: initialization completed in 1565 ms
2021-12-17 21:39:29 [INFO] - LiveReload server is running on port 35729
2021-12-17 21:39:29 [INFO] - Starting ProtocolHandler ["http-nio-8020"]
2021-12-17 21:39:29 [INFO] - Tomcat started on port(s): 8020 (http) with context path ''
2021-12-17 21:39:29 [INFO] - Started ShopApplication in 3.372 seconds (JVM running for 5.415)
2021-12-17 21:39:49 [INFO] - Initializing Spring DispatcherServlet 'dispatcherServlet'
2021-12-17 21:39:49 [INFO] - Initializing Servlet 'dispatcherServlet'
2021-12-17 21:39:49 [INFO] - Completed initialization in 11 ms
2021-12-17 21:40:23 [INFO] - Starting ShopApplication using Java 1.8.0_181 on 6666deMacBook-Pro.local with PID 27617 (/Users/shiyonggang/code/private/shop/target/classes started by shiyonggang in /Users/shiyonggang/code/private/shop)
2021-12-17 21:40:23 [INFO] - No active profile set, falling back to default profiles: default
2021-12-17 21:40:23 [INFO] - Devtools property defaults active! Set 'spring.devtools.add-properties' to 'false' to disable
2021-12-17 21:40:23 [INFO] - For additional web related logging consider setting the 'logging.level.web' property to 'DEBUG'
2021-12-17 21:40:24 [INFO] - Tomcat initialized with port(s): 8020 (http)
2021-12-17 21:40:24 [INFO] - Initializing ProtocolHandler ["http-nio-8020"]
2021-12-17 21:40:24 [INFO] - Starting service [Tomcat]
2021-12-17 21:40:24 [INFO] - Starting Servlet engine: [Apache Tomcat/9.0.55]
2021-12-17 21:40:24 [INFO] - Initializing Spring embedded WebApplicationContext
2021-12-17 21:40:24 [INFO] - Root WebApplicationContext: initialization completed in 1565 ms
2021-12-17 21:40:25 [INFO] - LiveReload server is running on port 35729
2021-12-17 21:40:25 [INFO] - Starting ProtocolHandler ["http-nio-8020"]
2021-12-17 21:40:25 [INFO] - Tomcat started on port(s): 8020 (http) with context path ''
2021-12-17 21:40:25 [INFO] - Started ShopApplication in 3.344 seconds (JVM running for 5.1)
2021-12-17 21:45:35 [INFO] - Starting ShopApplication using Java 1.8.0_181 on 6666deMacBook-Pro.local with PID 27720 (/Users/shiyonggang/code/private/shop/target/classes started by shiyonggang in /Users/shiyonggang/code/private/shop)
2021-12-17 21:45:35 [INFO] - No active profile set, falling back to default profiles: default
2021-12-17 21:45:35 [INFO] - Devtools property defaults active! Set 'spring.devtools.add-properties' to 'false' to disable
2021-12-17 21:45:35 [INFO] - For additional web related logging consider setting the 'logging.level.web' property to 'DEBUG'
2021-12-17 21:45:37 [INFO] - Tomcat initialized with port(s): 8020 (http)
2021-12-17 21:45:37 [INFO] - Initializing ProtocolHandler ["http-nio-8020"]
2021-12-17 21:45:37 [INFO] - Starting service [Tomcat]
2021-12-17 21:45:37 [INFO] - Starting Servlet engine: [Apache Tomcat/9.0.55]
2021-12-17 21:45:37 [INFO] - Initializing Spring embedded WebApplicationContext
2021-12-17 21:45:37 [INFO] - Root WebApplicationContext: initialization completed in 1754 ms
2021-12-17 21:45:38 [INFO] - LiveReload server is running on port 35729
2021-12-17 21:45:38 [INFO] - Starting ProtocolHandler ["http-nio-8020"]
2021-12-17 21:45:38 [INFO] - Tomcat started on port(s): 8020 (http) with context path ''
2021-12-17 21:45:38 [INFO] - Started ShopApplication in 3.378 seconds (JVM running for 4.916)
2021-12-17 21:45:53 [INFO] - Initializing Spring DispatcherServlet 'dispatcherServlet'
2021-12-17 21:45:53 [INFO] - Initializing Servlet 'dispatcherServlet'
2021-12-17 21:45:53 [INFO] - Completed initialization in 7 ms
2021-12-17 21:52:08 [INFO] - Starting ShopApplication using Java 1.8.0_181 on 6666deMacBook-Pro.local with PID 27825 (/Users/shiyonggang/code/private/shop/target/classes started by shiyonggang in /Users/shiyonggang/code/private/shop)
2021-12-17 21:52:08 [INFO] - No active profile set, falling back to default profiles: default
2021-12-17 21:52:08 [INFO] - Devtools property defaults active! Set 'spring.devtools.add-properties' to 'false' to disable
2021-12-17 21:52:08 [INFO] - For additional web related logging consider setting the 'logging.level.web' property to 'DEBUG'
2021-12-17 21:52:10 [INFO] - Tomcat initialized with port(s): 8020 (http)
2021-12-17 21:52:10 [INFO] - Initializing ProtocolHandler ["http-nio-8020"]
2021-12-17 21:52:10 [INFO] - Starting service [Tomcat]
2021-12-17 21:52:10 [INFO] - Starting Servlet engine: [Apache Tomcat/9.0.55]
2021-12-17 21:52:10 [INFO] - Initializing Spring embedded WebApplicationContext
2021-12-17 21:52:10 [INFO] - Root WebApplicationContext: initialization completed in 1613 ms
2021-12-17 21:52:11 [INFO] - LiveReload server is running on port 35729
2021-12-17 21:52:11 [INFO] - Starting ProtocolHandler ["http-nio-8020"]
2021-12-17 21:52:11 [INFO] - Tomcat started on port(s): 8020 (http) with context path ''
2021-12-17 21:52:11 [INFO] - Started ShopApplication in 3.479 seconds (JVM running for 5.134)
2021-12-17 21:53:39 [INFO] - Initializing Spring DispatcherServlet 'dispatcherServlet'
2021-12-17 21:53:39 [INFO] - Initializing Servlet 'dispatcherServlet'
2021-12-17 21:53:39 [INFO] - Completed initialization in 6 ms
2021-12-17 21:57:27 [INFO] - Starting ShopApplication using Java 1.8.0_181 on 6666deMacBook-Pro.local with PID 27957 (/Users/shiyonggang/code/private/shop/target/classes started by shiyonggang in /Users/shiyonggang/code/private/shop)
2021-12-17 21:57:27 [INFO] - No active profile set, falling back to default profiles: default
2021-12-17 21:57:27 [INFO] - Devtools property defaults active! Set 'spring.devtools.add-properties' to 'false' to disable
2021-12-17 21:57:27 [INFO] - For additional web related logging consider setting the 'logging.level.web' property to 'DEBUG'
2021-12-17 21:57:28 [INFO] - Tomcat initialized with port(s): 8020 (http)
2021-12-17 21:57:28 [INFO] - Initializing ProtocolHandler ["http-nio-8020"]
2021-12-17 21:57:28 [INFO] - Starting service [Tomcat]
2021-12-17 21:57:28 [INFO] - Starting Servlet engine: [Apache Tomcat/9.0.55]
2021-12-17 21:57:28 [INFO] - Initializing Spring embedded WebApplicationContext
2021-12-17 21:57:28 [INFO] - Root WebApplicationContext: initialization completed in 1509 ms
2021-12-17 21:57:29 [INFO] - LiveReload server is running on port 35729
2021-12-17 21:57:29 [INFO] - Starting ProtocolHandler ["http-nio-8020"]
2021-12-17 21:57:29 [INFO] - Tomcat started on port(s): 8020 (http) with context path ''
2021-12-17 21:57:29 [INFO] - Started ShopApplication in 3.509 seconds (JVM running for 5.554)
2021-12-17 21:57:40 [INFO] - Initializing Spring DispatcherServlet 'dispatcherServlet'
2021-12-17 21:57:40 [INFO] - Initializing Servlet 'dispatcherServlet'
2021-12-17 21:57:40 [INFO] - Completed initialization in 8 ms
2021-12-17 21:58:04 [INFO] - Starting ShopApplication using Java 1.8.0_181 on 6666deMacBook-Pro.local with PID 27975 (/Users/shiyonggang/code/private/shop/target/classes started by shiyonggang in /Users/shiyonggang/code/private/shop)
2021-12-17 21:58:04 [INFO] - No active profile set, falling back to default profiles: default
2021-12-17 21:58:04 [INFO] - Devtools property defaults active! Set 'spring.devtools.add-properties' to 'false' to disable
2021-12-17 21:58:04 [INFO] - For additional web related logging consider setting the 'logging.level.web' property to 'DEBUG'
2021-12-17 21:58:06 [INFO] - Tomcat initialized with port(s): 8020 (http)
2021-12-17 21:58:06 [INFO] - Initializing ProtocolHandler ["http-nio-8020"]
2021-12-17 21:58:06 [INFO] - Starting service [Tomcat]
2021-12-17 21:58:06 [INFO] - Starting Servlet engine: [Apache Tomcat/9.0.55]
2021-12-17 21:58:06 [INFO] - Initializing Spring embedded WebApplicationContext
2021-12-17 21:58:06 [INFO] - Root WebApplicationContext: initialization completed in 1874 ms
2021-12-17 21:58:07 [INFO] - LiveReload server is running on port 35729
2021-12-17 21:58:07 [INFO] - Starting ProtocolHandler ["http-nio-8020"]
2021-12-17 21:58:07 [INFO] - Tomcat started on port(s): 8020 (http) with context path ''
2021-12-17 21:58:07 [INFO] - Started ShopApplication in 3.467 seconds (JVM running for 4.817)
2021-12-17 21:59:52 [INFO] - Starting ShopApplication using Java 1.8.0_181 on 6666deMacBook-Pro.local with PID 28002 (/Users/shiyonggang/code/private/shop/target/classes started by shiyonggang in /Users/shiyonggang/code/private/shop)
2021-12-17 21:59:52 [INFO] - No active profile set, falling back to default profiles: default
2021-12-17 21:59:52 [INFO] - Devtools property defaults active! Set 'spring.devtools.add-properties' to 'false' to disable
2021-12-17 21:59:52 [INFO] - For additional web related logging consider setting the 'logging.level.web' property to 'DEBUG'
2021-12-17 21:59:53 [INFO] - Tomcat initialized with port(s): 8020 (http)
2021-12-17 21:59:53 [INFO] - Initializing ProtocolHandler ["http-nio-8020"]
2021-12-17 21:59:53 [INFO] - Starting service [Tomcat]
2021-12-17 21:59:53 [INFO] - Starting Servlet engine: [Apache Tomcat/9.0.55]
2021-12-17 21:59:53 [INFO] - Initializing Spring embedded WebApplicationContext
2021-12-17 21:59:53 [INFO] - Root WebApplicationContext: initialization completed in 1558 ms
2021-12-17 21:59:54 [INFO] - LiveReload server is running on port 35729
2021-12-17 21:59:54 [INFO] - Starting ProtocolHandler ["http-nio-8020"]
2021-12-17 21:59:54 [INFO] - Tomcat started on port(s): 8020 (http) with context path ''
2021-12-17 21:59:54 [INFO] - Started ShopApplication in 3.736 seconds (JVM running for 5.463)
2021-12-17 22:00:07 [INFO] - Starting ShopApplication using Java 1.8.0_181 on 6666deMacBook-Pro.local with PID 28007 (/Users/shiyonggang/code/private/shop/target/classes started by shiyonggang in /Users/shiyonggang/code/private/shop)
2021-12-17 22:00:07 [INFO] - No active profile set, falling back to default profiles: default
2021-12-17 22:00:07 [INFO] - Devtools property defaults active! Set 'spring.devtools.add-properties' to 'false' to disable
2021-12-17 22:00:07 [INFO] - For additional web related logging consider setting the 'logging.level.web' property to 'DEBUG'
2021-12-17 22:00:09 [INFO] - Tomcat initialized with port(s): 8020 (http)
2021-12-17 22:00:09 [INFO] - Initializing ProtocolHandler ["http-nio-8020"]
2021-12-17 22:00:09 [INFO] - Starting service [Tomcat]
2021-12-17 22:00:09 [INFO] - Starting Servlet engine: [Apache Tomcat/9.0.55]
2021-12-17 22:00:09 [INFO] - Initializing Spring embedded WebApplicationContext
2021-12-17 22:00:09 [INFO] - Root WebApplicationContext: initialization completed in 1516 ms
2021-12-17 22:00:09 [INFO] - LiveReload server is running on port 35729
2021-12-17 22:00:09 [INFO] - Starting ProtocolHandler ["http-nio-8020"]
2021-12-17 22:00:10 [INFO] - Tomcat started on port(s): 8020 (http) with context path ''
2021-12-17 22:00:10 [INFO] - Started ShopApplication in 3.078 seconds (JVM running for 5.018)
2021-12-17 22:00:19 [INFO] - Initializing Spring DispatcherServlet 'dispatcherServlet'
2021-12-17 22:00:19 [INFO] - Initializing Servlet 'dispatcherServlet'
2021-12-17 22:00:19 [INFO] - Completed initialization in 5 ms
2021-12-17 22:00:49 [INFO] - Starting ShopApplication using Java 1.8.0_181 on 6666deMacBook-Pro.local with PID 28023 (/Users/shiyonggang/code/private/shop/target/classes started by shiyonggang in /Users/shiyonggang/code/private/shop)
2021-12-17 22:00:49 [INFO] - No active profile set, falling back to default profiles: default
2021-12-17 22:00:49 [INFO] - Devtools property defaults active! Set 'spring.devtools.add-properties' to 'false' to disable
2021-12-17 22:00:49 [INFO] - For additional web related logging consider setting the 'logging.level.web' property to 'DEBUG'
2021-12-17 22:00:51 [INFO] - Tomcat initialized with port(s): 8020 (http)
2021-12-17 22:00:51 [INFO] - Initializing ProtocolHandler ["http-nio-8020"]
2021-12-17 22:00:51 [INFO] - Starting service [Tomcat]
2021-12-17 22:00:51 [INFO] - Starting Servlet engine: [Apache Tomcat/9.0.55]
2021-12-17 22:00:51 [INFO] - Initializing Spring embedded WebApplicationContext
2021-12-17 22:00:51 [INFO] - Root WebApplicationContext: initialization completed in 1713 ms
2021-12-17 22:00:52 [INFO] - LiveReload server is running on port 35729
2021-12-17 22:00:52 [INFO] - Starting ProtocolHandler ["http-nio-8020"]
2021-12-17 22:00:52 [INFO] - Tomcat started on port(s): 8020 (http) with context path ''
2021-12-17 22:00:52 [INFO] - Started ShopApplication in 3.259 seconds (JVM running for 4.79)
2021-12-17 22:00:58 [INFO] - Initializing Spring DispatcherServlet 'dispatcherServlet'
2021-12-17 22:00:58 [INFO] - Initializing Servlet 'dispatcherServlet'
2021-12-17 22:00:58 [INFO] - Completed initialization in 9 ms
2021-12-17 22:01:40 [INFO] - HikariPool-1 - Starting...
2021-12-17 22:01:40 [WARN] - Registered driver with driverClassName=com.mysql.jdbc.Driver was not found, trying direct instantiation.
2021-12-17 22:01:40 [INFO] - HikariPool-1 - Start completed.
2021-12-17 22:05:29 [INFO] - HikariPool-1 - Shutdown initiated...
2021-12-17 22:05:29 [INFO] - HikariPool-1 - Shutdown completed.
2021-12-17 22:05:37 [INFO] - Starting ShopApplication using Java 1.8.0_181 on 6666deMacBook-Pro.local with PID 28096 (/Users/shiyonggang/code/private/shop/target/classes started by shiyonggang in /Users/shiyonggang/code/private/shop)
2021-12-17 22:05:37 [INFO] - No active profile set, falling back to default profiles: default
2021-12-17 22:05:37 [INFO] - Devtools property defaults active! Set 'spring.devtools.add-properties' to 'false' to disable
2021-12-17 22:05:37 [INFO] - For additional web related logging consider setting the 'logging.level.web' property to 'DEBUG'
2021-12-17 22:05:39 [INFO] - Tomcat initialized with port(s): 8020 (http)
2021-12-17 22:05:39 [INFO] - Initializing ProtocolHandler ["http-nio-8020"]
2021-12-17 22:05:39 [INFO] - Starting service [Tomcat]
2021-12-17 22:05:39 [INFO] - Starting Servlet engine: [Apache Tomcat/9.0.55]
2021-12-17 22:05:39 [INFO] - Initializing Spring embedded WebApplicationContext
2021-12-17 22:05:39 [INFO] - Root WebApplicationContext: initialization completed in 1570 ms
2021-12-17 22:05:40 [INFO] - LiveReload server is running on port 35729
2021-12-17 22:05:40 [INFO] - Starting ProtocolHandler ["http-nio-8020"]
2021-12-17 22:05:40 [INFO] - Tomcat started on port(s): 8020 (http) with context path ''
2021-12-17 22:05:40 [INFO] - Started ShopApplication in 3.175 seconds (JVM running for 5.123)
2021-12-17 22:05:44 [INFO] - Initializing Spring DispatcherServlet 'dispatcherServlet'
2021-12-17 22:05:44 [INFO] - Initializing Servlet 'dispatcherServlet'
2021-12-17 22:05:44 [INFO] - Completed initialization in 5 ms
2021-12-17 22:05:44 [INFO] - HikariPool-1 - Starting...
2021-12-17 22:05:44 [WARN] - Registered driver with driverClassName=com.mysql.jdbc.Driver was not found, trying direct instantiation.
2021-12-17 22:05:44 [INFO] - HikariPool-1 - Start completed.
